<?xml version="1.0" encoding="UTF-8"?>
<!-- Generated by org.testng.reporters.JUnitReportReporter -->
<testsuite name="DeltaxRegistration.Delatx_registartiongForm.Registration.Tc_004_VerifyRegistrationWithSpecialChracters" tests="1" time="0.001" ignored="0" failures="0" timestamp="28 Nov 2017 06:55:25 GMT" skipped="1" hostname="ZIPLSY1664" errors="0">
  <testcase name="VerifyRegistrationwithValiddata" time="0.001" classname="DeltaxRegistration.Delatx_registartiongForm.Registration.Tc_004_VerifyRegistrationWithSpecialChracters">
    <skipped/>
  </testcase> <!-- VerifyRegistrationwithValiddata -->
</testsuite> <!-- DeltaxRegistration.Delatx_registartiongForm.Registration.Tc_004_VerifyRegistrationWithSpecialChracters -->
